*** SESSION Sep 20, 2009 21:26:07.54 -------------------------------------------
*** SESSION Aug 19, 2014 08:49:31.65 -------------------------------------------
*** SESSION Aug 19, 2014 08:50:20.69 -------------------------------------------
*** SESSION Aug 20, 2014 10:06:38.11 -------------------------------------------
*** SESSION Aug 21, 2014 14:22:19.97 -------------------------------------------
*** SESSION Aug 22, 2014 15:23:53.81 -------------------------------------------
*** SESSION Aug 25, 2014 08:51:32.19 -------------------------------------------
*** SESSION Aug 26, 2014 09:03:23.68 -------------------------------------------
*** SESSION Aug 26, 2014 14:46:57.73 -------------------------------------------
*** SESSION Aug 27, 2014 09:46:20.63 -------------------------------------------
*** SESSION Aug 29, 2014 08:54:27.15 -------------------------------------------
*** SESSION Aug 29, 2014 14:54:08.80 -------------------------------------------
*** SESSION Aug 30, 2014 00:11:43.33 -------------------------------------------
*** SESSION Sep 01, 2014 19:06:17.83 -------------------------------------------
*** SESSION Sep 02, 2014 08:44:58.66 -------------------------------------------
*** SESSION Sep 02, 2014 23:37:30.58 -------------------------------------------
*** SESSION Sep 03, 2014 10:03:23.15 -------------------------------------------
*** SESSION Sep 03, 2014 17:51:03.31 -------------------------------------------
*** SESSION Sep 05, 2014 08:37:15.11 -------------------------------------------
*** SESSION Sep 05, 2014 19:57:42.36 -------------------------------------------
*** SESSION Sep 09, 2014 08:48:14.84 -------------------------------------------
*** SESSION Sep 09, 2014 09:04:48.82 -------------------------------------------
*** SESSION Sep 09, 2014 20:03:59.53 -------------------------------------------
*** SESSION Sep 10, 2014 09:40:20.59 -------------------------------------------
*** SESSION Sep 12, 2014 08:29:18.94 -------------------------------------------
*** SESSION Sep 12, 2014 19:43:32.45 -------------------------------------------
*** SESSION Sep 12, 2014 22:53:01.79 -------------------------------------------
*** SESSION Sep 15, 2014 00:20:18.84 -------------------------------------------
*** SESSION Sep 16, 2014 08:30:02.01 -------------------------------------------
*** SESSION Sep 16, 2014 14:26:38.57 -------------------------------------------
*** SESSION Sep 17, 2014 10:06:40.55 -------------------------------------------
*** SESSION Sep 19, 2014 09:02:38.04 -------------------------------------------
*** SESSION Sep 22, 2014 08:33:49.67 -------------------------------------------
*** SESSION Sep 23, 2014 08:51:57.36 -------------------------------------------
*** SESSION Sep 23, 2014 19:11:56.09 -------------------------------------------
*** SESSION Sep 24, 2014 10:20:10.66 -------------------------------------------
*** SESSION Sep 24, 2014 18:16:53.78 -------------------------------------------
*** SESSION Sep 25, 2014 23:56:31.81 -------------------------------------------
*** SESSION Sep 26, 2014 09:02:21.89 -------------------------------------------
*** SESSION Sep 26, 2014 18:01:58.68 -------------------------------------------
*** SESSION Sep 26, 2014 22:23:23.78 -------------------------------------------
*** SESSION Sep 29, 2014 09:02:44.07 -------------------------------------------
*** SESSION Sep 30, 2014 08:27:15.65 -------------------------------------------
*** SESSION Sep 30, 2014 14:19:45.59 -------------------------------------------
*** SESSION Oct 04, 2014 17:44:05.92 -------------------------------------------
