*** SESSION Sep 20, 2009 21:26:07.54 -------------------------------------------
*** SESSION Aug 19, 2014 08:49:31.65 -------------------------------------------
*** SESSION Aug 19, 2014 08:50:20.69 -------------------------------------------
*** SESSION Aug 20, 2014 10:06:38.11 -------------------------------------------
*** SESSION Aug 21, 2014 14:22:19.97 -------------------------------------------
*** SESSION Aug 22, 2014 15:23:53.81 -------------------------------------------
*** SESSION Aug 25, 2014 08:51:32.19 -------------------------------------------
*** SESSION Aug 26, 2014 09:03:23.68 -------------------------------------------
*** SESSION Aug 26, 2014 14:46:57.73 -------------------------------------------
*** SESSION Aug 27, 2014 09:46:20.63 -------------------------------------------
*** SESSION Aug 29, 2014 08:54:27.15 -------------------------------------------
*** SESSION Aug 29, 2014 14:54:08.80 -------------------------------------------
*** SESSION Aug 30, 2014 00:11:43.33 -------------------------------------------
*** SESSION Sep 01, 2014 19:06:17.83 -------------------------------------------
*** SESSION Sep 02, 2014 08:44:58.66 -------------------------------------------
*** SESSION Sep 02, 2014 23:37:30.58 -------------------------------------------
*** SESSION Sep 03, 2014 10:03:23.15 -------------------------------------------
*** SESSION Sep 03, 2014 17:51:03.31 -------------------------------------------
*** SESSION Sep 05, 2014 08:37:15.11 -------------------------------------------
*** SESSION Sep 05, 2014 19:57:42.36 -------------------------------------------
*** SESSION Sep 09, 2014 08:48:14.84 -------------------------------------------
*** SESSION Sep 09, 2014 09:04:48.82 -------------------------------------------
*** SESSION Sep 09, 2014 20:03:59.53 -------------------------------------------
*** SESSION Sep 10, 2014 09:40:20.59 -------------------------------------------
*** SESSION Sep 12, 2014 08:29:18.94 -------------------------------------------
*** SESSION Sep 12, 2014 19:43:32.45 -------------------------------------------
*** SESSION Sep 12, 2014 22:53:01.79 -------------------------------------------
*** SESSION Sep 15, 2014 00:20:18.84 -------------------------------------------
*** SESSION Sep 16, 2014 08:30:02.01 -------------------------------------------
*** SESSION Sep 16, 2014 14:26:38.57 -------------------------------------------
*** SESSION Sep 17, 2014 10:06:40.55 -------------------------------------------
*** SESSION Sep 19, 2014 09:02:38.04 -------------------------------------------
*** SESSION Sep 22, 2014 08:33:49.67 -------------------------------------------
*** SESSION Sep 23, 2014 08:51:57.36 -------------------------------------------
*** SESSION Sep 23, 2014 19:11:56.09 -------------------------------------------
*** SESSION Sep 24, 2014 10:20:10.66 -------------------------------------------
*** SESSION Sep 24, 2014 18:16:53.78 -------------------------------------------
*** SESSION Sep 25, 2014 23:56:31.81 -------------------------------------------
*** SESSION Sep 26, 2014 09:02:21.89 -------------------------------------------
*** SESSION Sep 26, 2014 18:01:58.68 -------------------------------------------
*** SESSION Sep 26, 2014 22:23:23.78 -------------------------------------------
*** SESSION Sep 29, 2014 09:02:44.07 -------------------------------------------
*** SESSION Sep 30, 2014 08:27:15.65 -------------------------------------------
*** SESSION Sep 30, 2014 14:19:45.59 -------------------------------------------
*** SESSION Oct 01, 2014 10:00:54.22 -------------------------------------------
*** SESSION Oct 03, 2014 08:38:04.98 -------------------------------------------
*** SESSION Oct 04, 2014 17:53:53.57 -------------------------------------------
*** SESSION Oct 06, 2014 08:33:49.66 -------------------------------------------
*** SESSION Oct 07, 2014 18:34:54.52 -------------------------------------------
*** SESSION Oct 08, 2014 09:30:05.93 -------------------------------------------
*** SESSION Oct 09, 2014 18:53:37.45 -------------------------------------------
*** SESSION Oct 10, 2014 21:10:55.67 -------------------------------------------
*** SESSION Oct 13, 2014 08:31:18.69 -------------------------------------------
*** SESSION Oct 13, 2014 17:21:06.29 -------------------------------------------
*** SESSION Oct 14, 2014 08:29:27.03 -------------------------------------------
*** SESSION Oct 14, 2014 14:33:53.33 -------------------------------------------
*** SESSION Oct 15, 2014 09:23:09.94 -------------------------------------------
*** SESSION Oct 15, 2014 22:22:23.70 -------------------------------------------
*** SESSION Oct 18, 2014 17:18:48.42 -------------------------------------------
*** SESSION Oct 20, 2014 08:53:28.58 -------------------------------------------
*** SESSION Oct 21, 2014 08:32:20.63 -------------------------------------------
*** SESSION Oct 22, 2014 09:24:32.31 -------------------------------------------
*** SESSION Oct 23, 2014 19:27:59.81 -------------------------------------------
*** SESSION Oct 24, 2014 08:42:54.62 -------------------------------------------
*** SESSION Oct 24, 2014 14:40:03.84 -------------------------------------------
*** SESSION Oct 27, 2014 08:35:02.11 -------------------------------------------
*** SESSION Oct 27, 2014 21:29:22.49 -------------------------------------------
*** SESSION Oct 28, 2014 08:26:59.46 -------------------------------------------
*** SESSION Oct 29, 2014 10:24:30.31 -------------------------------------------
*** SESSION Oct 30, 2014 14:08:00.83 -------------------------------------------
*** SESSION Oct 31, 2014 00:55:10.11 -------------------------------------------
*** SESSION Oct 31, 2014 08:59:35.70 -------------------------------------------
*** SESSION Oct 31, 2014 14:54:07.09 -------------------------------------------
*** SESSION Oct 31, 2014 21:49:55.05 -------------------------------------------
*** SESSION Nov 01, 2014 20:29:08.98 -------------------------------------------
*** SESSION Nov 02, 2014 17:55:06.87 -------------------------------------------
*** SESSION Nov 03, 2014 08:34:13.50 -------------------------------------------
*** SESSION Nov 03, 2014 20:45:33.93 -------------------------------------------
*** SESSION Nov 03, 2014 23:01:20.72 -------------------------------------------
*** SESSION Nov 04, 2014 21:05:00.36 -------------------------------------------
*** SESSION Nov 05, 2014 09:26:28.19 -------------------------------------------
*** SESSION Nov 05, 2014 22:32:46.19 -------------------------------------------
*** SESSION Nov 07, 2014 08:27:07.90 -------------------------------------------
*** SESSION Nov 07, 2014 08:27:37.91 -------------------------------------------
*** SESSION Nov 07, 2014 08:28:12.25 -------------------------------------------
*** SESSION Nov 07, 2014 08:29:59.44 -------------------------------------------
*** SESSION Nov 07, 2014 08:31:34.37 -------------------------------------------
*** SESSION Nov 07, 2014 18:24:28.00 -------------------------------------------
*** SESSION Nov 08, 2014 19:25:18.60 -------------------------------------------
*** SESSION Nov 12, 2014 09:43:10.08 -------------------------------------------
*** SESSION Nov 12, 2014 19:01:26.79 -------------------------------------------
*** SESSION Nov 14, 2014 15:00:20.16 -------------------------------------------
*** SESSION Nov 15, 2014 10:06:18.15 -------------------------------------------
*** SESSION Nov 17, 2014 08:33:13.62 -------------------------------------------
*** SESSION Nov 17, 2014 16:39:58.96 -------------------------------------------
*** SESSION Nov 17, 2014 19:51:08.10 -------------------------------------------
*** SESSION Nov 17, 2014 23:21:56.67 -------------------------------------------
*** SESSION Nov 18, 2014 08:53:14.08 -------------------------------------------
*** SESSION Nov 18, 2014 19:29:19.23 -------------------------------------------
*** SESSION Nov 19, 2014 09:17:26.00 -------------------------------------------
*** SESSION Nov 21, 2014 08:50:03.39 -------------------------------------------
*** SESSION Nov 22, 2014 23:14:40.00 -------------------------------------------
*** SESSION Nov 26, 2014 07:55:19.18 -------------------------------------------
*** SESSION Nov 26, 2014 15:42:10.94 -------------------------------------------
*** SESSION Nov 26, 2014 20:52:46.60 -------------------------------------------
*** SESSION Dec 01, 2014 09:02:23.13 -------------------------------------------
*** SESSION Dec 02, 2014 08:53:56.11 -------------------------------------------
*** SESSION Dec 03, 2014 10:10:45.69 -------------------------------------------
*** SESSION Dec 05, 2014 08:27:23.29 -------------------------------------------
*** SESSION Dec 08, 2014 08:38:44.85 -------------------------------------------
*** SESSION Dec 08, 2014 14:56:11.83 -------------------------------------------
*** SESSION Dec 09, 2014 08:30:53.13 -------------------------------------------
*** SESSION Dec 10, 2014 09:27:08.36 -------------------------------------------
*** SESSION Dec 12, 2014 08:27:33.53 -------------------------------------------
*** SESSION Dec 12, 2014 22:45:52.42 -------------------------------------------
*** SESSION Dec 13, 2014 17:43:48.77 -------------------------------------------
*** SESSION Dec 15, 2014 08:42:22.76 -------------------------------------------
*** SESSION Dec 15, 2014 17:07:14.26 -------------------------------------------
*** SESSION Dec 15, 2014 23:16:32.63 -------------------------------------------
*** SESSION Dec 16, 2014 22:10:06.30 -------------------------------------------
*** SESSION Jan 03, 2015 20:30:22.71 -------------------------------------------
*** SESSION Jan 03, 2015 23:09:00.79 -------------------------------------------
*** SESSION Jan 05, 2015 08:38:35.98 -------------------------------------------
