*** SESSION Sep 20, 2009 21:26:07.54 -------------------------------------------
*** SESSION Dec 13, 2013 13:25:20.78 -------------------------------------------
*** SESSION Dec 16, 2013 13:25:44.41 -------------------------------------------
*** SESSION Dec 16, 2013 15:48:53.92 -------------------------------------------
*** SESSION Dec 20, 2013 13:12:13.99 -------------------------------------------
*** SESSION Dez 24, 2013 14:41:47.75 -------------------------------------------
*** SESSION Dez 25, 2013 18:59:14.44 -------------------------------------------
*** SESSION Dez 26, 2013 19:53:51.57 -------------------------------------------
*** SESSION Dez 28, 2013 18:10:25.06 -------------------------------------------
*** SESSION Jan 07, 2014 20:33:04.59 -------------------------------------------
*** SESSION Jan 08, 2014 14:56:59.08 -------------------------------------------
*** SESSION Jan 09, 2014 13:22:29.00 -------------------------------------------
*** SESSION Jan 09, 2014 18:20:50.01 -------------------------------------------
*** SESSION Jan 10, 2014 08:38:17.11 -------------------------------------------
*** SESSION Jan 10, 2014 13:48:11.07 -------------------------------------------
*** SESSION Jan 13, 2014 13:45:51.54 -------------------------------------------
*** SESSION Jan 13, 2014 23:00:20.30 -------------------------------------------
*** SESSION Jan 15, 2014 14:27:39.57 -------------------------------------------
*** SESSION Jan 15, 2014 17:41:45.90 -------------------------------------------
*** SESSION Jan 16, 2014 18:53:23.91 -------------------------------------------
*** SESSION Jan 19, 2014 18:15:28.32 -------------------------------------------
*** SESSION Jan 20, 2014 13:07:52.42 -------------------------------------------
*** SESSION Jan 22, 2014 18:09:13.54 -------------------------------------------
*** SESSION Jan 24, 2014 13:33:35.75 -------------------------------------------
*** SESSION Jan 27, 2014 13:24:58.34 -------------------------------------------
*** SESSION Jan 27, 2014 15:46:16.16 -------------------------------------------
*** SESSION Jan 29, 2014 14:08:34.65 -------------------------------------------
*** SESSION Jan 31, 2014 13:42:54.28 -------------------------------------------
*** SESSION Feb 03, 2014 13:39:09.71 -------------------------------------------
*** SESSION Feb 04, 2014 14:28:10.18 -------------------------------------------
*** SESSION Feb 05, 2014 15:32:57.87 -------------------------------------------
*** SESSION Feb 06, 2014 13:51:20.29 -------------------------------------------
*** SESSION Feb 06, 2014 17:44:45.77 -------------------------------------------
*** SESSION Feb 07, 2014 13:16:21.78 -------------------------------------------
*** SESSION Feb 10, 2014 13:22:48.11 -------------------------------------------
*** SESSION Feb 10, 2014 22:58:36.28 -------------------------------------------
*** SESSION Feb 11, 2014 22:16:49.81 -------------------------------------------
*** SESSION Feb 12, 2014 13:53:01.29 -------------------------------------------
*** SESSION Feb 12, 2014 16:40:39.11 -------------------------------------------
*** SESSION Feb 12, 2014 17:23:32.56 -------------------------------------------
*** SESSION Feb 13, 2014 13:44:26.36 -------------------------------------------
*** SESSION Feb 13, 2014 21:10:16.08 -------------------------------------------
*** SESSION Feb 14, 2014 13:11:48.87 -------------------------------------------
*** SESSION Feb 14, 2014 20:44:22.18 -------------------------------------------
*** SESSION Feb 20, 2014 20:54:34.42 -------------------------------------------
*** SESSION Feb 21, 2014 19:40:00.90 -------------------------------------------
*** SESSION Feb 24, 2014 13:41:21.95 -------------------------------------------
*** SESSION Feb 26, 2014 13:32:45.95 -------------------------------------------
*** SESSION Feb 26, 2014 18:51:51.12 -------------------------------------------
*** SESSION Feb 27, 2014 13:50:30.09 -------------------------------------------
*** SESSION Feb 28, 2014 13:13:01.75 -------------------------------------------
*** SESSION Mar 03, 2014 13:23:01.97 -------------------------------------------
*** SESSION Mar 04, 2014 19:54:43.49 -------------------------------------------
*** SESSION Mar 05, 2014 13:54:47.54 -------------------------------------------
*** SESSION Mar 06, 2014 13:22:59.86 -------------------------------------------
*** SESSION Mar 07, 2014 13:11:34.01 -------------------------------------------
*** SESSION Mar 10, 2014 13:29:39.70 -------------------------------------------
*** SESSION Mar 11, 2014 00:09:11.26 -------------------------------------------
*** SESSION Mar 11, 2014 17:06:12.33 -------------------------------------------
*** SESSION Mar 12, 2014 14:21:52.08 -------------------------------------------
*** SESSION Mar 12, 2014 15:55:50.94 -------------------------------------------
*** SESSION Mar 12, 2014 21:31:02.73 -------------------------------------------
*** SESSION Mar 13, 2014 13:26:16.38 -------------------------------------------
*** SESSION Mar 13, 2014 21:14:39.93 -------------------------------------------
*** SESSION Mar 14, 2014 13:24:17.03 -------------------------------------------
*** SESSION Mar 14, 2014 22:25:52.82 -------------------------------------------
*** SESSION Mar 18, 2014 14:16:55.60 -------------------------------------------
*** SESSION Mar 18, 2014 20:21:58.67 -------------------------------------------
*** SESSION Mar 20, 2014 13:25:51.67 -------------------------------------------
*** SESSION Mar 20, 2014 15:42:05.31 -------------------------------------------
*** SESSION Mar 21, 2014 13:16:54.84 -------------------------------------------
*** SESSION Mar 21, 2014 13:19:09.83 -------------------------------------------
*** SESSION Mar 21, 2014 22:28:20.56 -------------------------------------------
*** SESSION Mar 24, 2014 13:30:21.95 -------------------------------------------
*** SESSION Mar 24, 2014 15:45:37.44 -------------------------------------------
*** SESSION Mar 25, 2014 18:49:09.65 -------------------------------------------
*** SESSION Mar 26, 2014 14:16:53.39 -------------------------------------------
*** SESSION Mar 27, 2014 13:21:11.41 -------------------------------------------
*** SESSION Mar 27, 2014 17:49:19.84 -------------------------------------------
*** SESSION Mar 28, 2014 13:42:55.42 -------------------------------------------
*** SESSION Mar 30, 2014 11:43:58.04 -------------------------------------------
*** SESSION Mar 31, 2014 13:21:23.80 -------------------------------------------
*** SESSION Mar 31, 2014 19:43:05.52 -------------------------------------------
*** SESSION Apr 02, 2014 13:30:59.92 -------------------------------------------
*** SESSION Apr 02, 2014 22:04:08.63 -------------------------------------------
*** SESSION Apr 02, 2014 22:28:38.31 -------------------------------------------
*** SESSION Apr 03, 2014 01:24:33.42 -------------------------------------------
*** SESSION Apr 03, 2014 13:30:40.47 -------------------------------------------
*** SESSION Apr 04, 2014 13:13:31.54 -------------------------------------------
*** SESSION Apr 07, 2014 18:26:35.21 -------------------------------------------
*** SESSION Apr 08, 2014 13:34:44.42 -------------------------------------------
*** SESSION Apr 08, 2014 17:53:48.15 -------------------------------------------
*** SESSION Apr 09, 2014 13:33:31.63 -------------------------------------------
*** SESSION Apr 10, 2014 20:20:18.37 -------------------------------------------
*** SESSION Apr 11, 2014 13:12:57.26 -------------------------------------------
*** SESSION Apr 11, 2014 21:03:37.45 -------------------------------------------
*** SESSION Apr 11, 2014 21:06:53.87 -------------------------------------------
*** SESSION Apr 21, 2014 13:24:31.53 -------------------------------------------
*** SESSION Apr 21, 2014 17:32:41.93 -------------------------------------------
*** SESSION Apr 22, 2014 21:30:13.53 -------------------------------------------
*** SESSION Apr 24, 2014 01:48:32.49 -------------------------------------------
*** SESSION Apr 24, 2014 13:36:46.35 -------------------------------------------
*** SESSION Apr 25, 2014 13:29:58.80 -------------------------------------------
*** SESSION Apr 28, 2014 08:46:59.79 -------------------------------------------
*** SESSION Apr 28, 2014 13:32:42.62 -------------------------------------------
*** SESSION Apr 29, 2014 20:53:17.49 -------------------------------------------
*** SESSION May 02, 2014 13:17:08.32 -------------------------------------------
*** SESSION May 05, 2014 13:27:41.89 -------------------------------------------
*** SESSION May 05, 2014 15:38:50.07 -------------------------------------------
*** SESSION May 06, 2014 16:00:26.70 -------------------------------------------
*** SESSION May 08, 2014 13:23:04.44 -------------------------------------------
*** SESSION May 08, 2014 20:48:24.44 -------------------------------------------
*** SESSION May 09, 2014 13:15:56.18 -------------------------------------------
*** SESSION May 09, 2014 22:56:28.47 -------------------------------------------
*** SESSION May 12, 2014 13:28:56.41 -------------------------------------------
*** SESSION May 12, 2014 22:04:50.42 -------------------------------------------
*** SESSION May 13, 2014 18:31:35.13 -------------------------------------------
*** SESSION May 14, 2014 14:31:45.21 -------------------------------------------
*** SESSION May 14, 2014 22:57:08.57 -------------------------------------------
*** SESSION May 15, 2014 14:00:21.08 -------------------------------------------
*** SESSION May 15, 2014 22:02:01.14 -------------------------------------------
*** SESSION May 16, 2014 13:29:50.90 -------------------------------------------
*** SESSION May 18, 2014 18:18:19.22 -------------------------------------------
*** SESSION May 19, 2014 13:25:52.80 -------------------------------------------
*** SESSION May 19, 2014 14:03:11.28 -------------------------------------------
*** SESSION May 19, 2014 21:27:55.44 -------------------------------------------
*** SESSION May 21, 2014 13:34:35.73 -------------------------------------------
*** SESSION May 21, 2014 23:17:07.07 -------------------------------------------
*** SESSION May 26, 2014 23:08:15.74 -------------------------------------------
*** SESSION May 27, 2014 15:14:49.76 -------------------------------------------
*** SESSION May 28, 2014 13:32:52.69 -------------------------------------------
*** SESSION May 28, 2014 13:43:23.96 -------------------------------------------
*** SESSION May 28, 2014 13:47:10.62 -------------------------------------------
*** SESSION May 28, 2014 17:22:01.61 -------------------------------------------
*** SESSION May 30, 2014 13:14:42.16 -------------------------------------------
*** SESSION Jun 02, 2014 10:37:37.41 -------------------------------------------
